2025-02-06 12:01:27 [restartedMain] INFO  cdac.acts.drive.DriveApplication - Starting DriveApplication using Java 22.0.2 with PID 19412 (C:\Public Drive F\publicDrive\FinalProject\backend\target\classes started by ayush in C:\Public Drive F\publicDrive\FinalProject\backend)
2025-02-06 12:01:27 [restartedMain] INFO  cdac.acts.drive.DriveApplication - No active profile set, falling back to 1 default profile: "default"
2025-02-06 12:01:39 [restartedMain] INFO  cdac.acts.drive.DriveApplication - Started DriveApplication in 13.633 seconds (process running for 14.624)
2025-02-06 12:01:53 [http-nio-0.0.0.0-8081-exec-1] INFO  c.a.drive.controller.UserController - generating token
2025-02-06 12:04:22 [restartedMain] INFO  cdac.acts.drive.DriveApplication - Starting DriveApplication using Java 22.0.2 with PID 7628 (C:\Public Drive F\publicDrive\FinalProject\backend\target\classes started by ayush in C:\Public Drive F\publicDrive\FinalProject\backend)
2025-02-06 12:04:22 [restartedMain] INFO  cdac.acts.drive.DriveApplication - No active profile set, falling back to 1 default profile: "default"
2025-02-06 12:04:39 [restartedMain] INFO  cdac.acts.drive.DriveApplication - Started DriveApplication in 17.995 seconds (process running for 19.191)
2025-02-06 12:05:04 [http-nio-0.0.0.0-8081-exec-1] INFO  c.a.drive.controller.UserController - generating token
2025-02-06 12:05:04 [http-nio-0.0.0.0-8081-exec-1] ERROR c.a.drive.controller.UserController - Token Generated
2025-02-06 12:12:46 [restartedMain] INFO  cdac.acts.drive.DriveApplication - Starting DriveApplication using Java 22.0.2 with PID 18848 (C:\Public Drive F\publicDrive\FinalProject\backend\target\classes started by ayush in C:\Public Drive F\publicDrive\FinalProject\backend)
2025-02-06 12:12:46 [restartedMain] INFO  cdac.acts.drive.DriveApplication - No active profile set, falling back to 1 default profile: "default"
2025-02-06 12:12:46 [restartedMain] INFO  o.s.b.d.e.DevToolsPropertyDefaultsPostProcessor - Devtools property defaults active! Set 'spring.devtools.add-properties' to 'false' to disable
2025-02-06 12:12:46 [restartedMain] INFO  o.s.b.d.e.DevToolsPropertyDefaultsPostProcessor - For additional web related logging consider setting the 'logging.level.web' property to 'DEBUG'
2025-02-06 12:12:48 [restartedMain] INFO  o.s.d.r.c.RepositoryConfigurationDelegate - Bootstrapping Spring Data JPA repositories in DEFAULT mode.
2025-02-06 12:12:48 [restartedMain] INFO  o.s.d.r.c.RepositoryConfigurationDelegate - Finished Spring Data repository scanning in 189 ms. Found 4 JPA repository interfaces.
2025-02-06 12:12:50 [restartedMain] INFO  o.s.b.w.e.tomcat.TomcatWebServer - Tomcat initialized with port 8081 (http)
2025-02-06 12:12:50 [restartedMain] INFO  o.a.catalina.core.StandardService - Starting service [Tomcat]
2025-02-06 12:12:50 [restartedMain] INFO  o.a.catalina.core.StandardEngine - Starting Servlet engine: [Apache Tomcat/10.1.34]
2025-02-06 12:12:50 [restartedMain] INFO  o.a.c.c.C.[Tomcat].[localhost].[/] - Initializing Spring embedded WebApplicationContext
2025-02-06 12:12:50 [restartedMain] INFO  o.s.b.w.s.c.ServletWebServerApplicationContext - Root WebApplicationContext: initialization completed in 4479 ms
2025-02-06 12:12:51 [restartedMain] INFO  o.h.jpa.internal.util.LogHelper - HHH000204: Processing PersistenceUnitInfo [name: default]
2025-02-06 12:12:51 [restartedMain] INFO  org.hibernate.Version - HHH000412: Hibernate ORM core version 6.6.5.Final
2025-02-06 12:12:51 [restartedMain] INFO  o.h.c.i.RegionFactoryInitiator - HHH000026: Second-level cache disabled
2025-02-06 12:12:52 [restartedMain] INFO  o.s.o.j.p.SpringPersistenceUnitInfo - No LoadTimeWeaver setup: ignoring JPA class transformer
2025-02-06 12:12:52 [restartedMain] INFO  com.zaxxer.hikari.HikariDataSource - HikariPool-1 - Starting...
2025-02-06 12:12:52 [restartedMain] INFO  com.zaxxer.hikari.pool.HikariPool - HikariPool-1 - Added connection com.mysql.cj.jdbc.ConnectionImpl@5904e434
2025-02-06 12:12:52 [restartedMain] INFO  com.zaxxer.hikari.HikariDataSource - HikariPool-1 - Start completed.
2025-02-06 12:12:53 [restartedMain] INFO  o.hibernate.orm.connections.pooling - HHH10001005: Database info:
	Database JDBC URL [Connecting through datasource 'HikariDataSource (HikariPool-1)']
	Database driver: undefined/unknown
	Database version: 8.0.40
	Autocommit mode: undefined/unknown
	Isolation level: undefined/unknown
	Minimum pool size: undefined/unknown
	Maximum pool size: undefined/unknown
2025-02-06 12:12:55 [restartedMain] INFO  o.h.e.t.j.p.i.JtaPlatformInitiator - HHH000489: No JTA platform available (set 'hibernate.transaction.jta.platform' to enable JTA platform integration)
2025-02-06 12:12:55 [restartedMain] INFO  o.s.o.j.LocalContainerEntityManagerFactoryBean - Initialized JPA EntityManagerFactory for persistence unit 'default'
2025-02-06 12:12:56 [restartedMain] INFO  o.s.s.c.a.a.c.InitializeAuthenticationProviderBeanManagerConfigurer$InitializeAuthenticationProviderManagerConfigurer - Global AuthenticationManager configured with AuthenticationProvider bean with name authenticationProvider
2025-02-06 12:12:56 [restartedMain] WARN  o.s.s.c.a.a.c.InitializeUserDetailsBeanManagerConfigurer$InitializeUserDetailsManagerConfigurer - Global AuthenticationManager configured with an AuthenticationProvider bean. UserDetailsService beans will not be used by Spring Security for automatically configuring username/password login. Consider removing the AuthenticationProvider bean. Alternatively, consider using the UserDetailsService in a manually instantiated DaoAuthenticationProvider. If the current configuration is intentional, to turn off this warning, increase the logging level of 'org.springframework.security.config.annotation.authentication.configuration.InitializeUserDetailsBeanManagerConfigurer' to ERROR
2025-02-06 12:12:56 [restartedMain] WARN  o.s.b.a.o.j.JpaBaseConfiguration$JpaWebConfiguration - spring.jpa.open-in-view is enabled by default. Therefore, database queries may be performed during view rendering. Explicitly configure spring.jpa.open-in-view to disable this warning
2025-02-06 12:12:57 [restartedMain] INFO  o.s.v.b.OptionalValidatorFactoryBean - Failed to set up a Bean Validation provider: jakarta.validation.NoProviderFoundException: Unable to create a Configuration, because no Jakarta Bean Validation provider could be found. Add a provider like Hibernate Validator (RI) to your classpath.
2025-02-06 12:12:57 [restartedMain] INFO  o.s.b.d.a.OptionalLiveReloadServer - LiveReload server is running on port 35729
2025-02-06 12:12:58 [restartedMain] INFO  o.s.b.w.e.tomcat.TomcatWebServer - Tomcat started on port 8081 (http) with context path '/'
2025-02-06 12:12:58 [restartedMain] INFO  cdac.acts.drive.DriveApplication - Started DriveApplication in 13.056 seconds (process running for 13.999)
2025-02-06 12:16:40 [SpringApplicationShutdownHook] INFO  o.s.b.w.e.tomcat.GracefulShutdown - Commencing graceful shutdown. Waiting for active requests to complete
2025-02-06 12:16:40 [tomcat-shutdown] INFO  o.s.b.w.e.tomcat.GracefulShutdown - Graceful shutdown complete
2025-02-06 12:16:40 [SpringApplicationShutdownHook] INFO  o.s.o.j.LocalContainerEntityManagerFactoryBean - Closing JPA EntityManagerFactory for persistence unit 'default'
2025-02-06 12:16:40 [SpringApplicationShutdownHook] INFO  com.zaxxer.hikari.HikariDataSource - HikariPool-1 - Shutdown initiated...
2025-02-06 12:16:41 [SpringApplicationShutdownHook] INFO  com.zaxxer.hikari.HikariDataSource - HikariPool-1 - Shutdown completed.
